<?xml version="1.0" encoding="UTF-8"?>
<testsuite name="wad.controller.CalculatorControllerTest" time="9.702" tests="8" errors="0" skipped="0" failures="8">
  <properties>
[...]
</properties>
  <testcase name="plusOletusLasku" classname="wad.controller.CalculatorControllerTest" time="9.531">
    <failure message="Status expected:&lt;200&gt; but was:&lt;404&gt;" type="java.lang.AssertionError"><![CDATA[java.lang.AssertionError: Status expected:<200> but was:<404>
	at org.springframework.test.util.AssertionErrors.fail(AssertionErrors.java:60)
	at org.springframework.test.util.AssertionErrors.assertEquals(AssertionErrors.java:89)
	at org.springframework.test.web.servlet.result.StatusResultMatchers$10.match(StatusResultMatchers.java:626)
	at org.springframework.test.web.servlet.MockMvc$1.andExpect(MockMvc.java:149)
	at wad.controller.CalculatorControllerTest.plusOletusLasku(CalculatorControllerTest.java:45)
]]></failure>
    <system-out>02:05:43.342 [main] DEBUG o.s.t.c.j.SpringJUnit4ClassRunner - SpringJUnit4ClassRunner constructor called with [class wad.controller.CalculatorControllerTest].
02:05:43.733 [main] DEBUG o.s.test.context.ContextLoaderUtils - Found explicit ContextLoader class [org.springframework.boot.test.SpringApplicationContextLoader] for context configuration attributes [ContextConfigurationAttributes@4b9e13df declaringClass = 'wad.controller.CalculatorControllerTest', classes = '{class wad.Application}', locations = '{}', inheritLocations = true, initializers = '{}', inheritInitializers = true, name = [null], contextLoaderClass = 'org.springframework.boot.test.SpringApplicationContextLoader']
02:05:43.757 [main] DEBUG o.s.test.context.ContextLoaderUtils - Could not find an 'annotation declaring class' for annotation type [org.springframework.test.context.ActiveProfiles] and class [wad.controller.CalculatorControllerTest]
02:05:43.814 [main] DEBUG o.s.test.context.TestContextManager - @TestExecutionListeners is not present for class [wad.controller.CalculatorControllerTest]: using defaults.
02:05:43.860 [main] INFO  o.s.test.context.TestContextManager - Could not instantiate TestExecutionListener [org.springframework.test.context.transaction.TransactionalTestExecutionListener]. Specify custom listener classes or make the default listener classes (and their required dependencies) available. Offending class: [org/springframework/transaction/interceptor/TransactionAttribute]
02:05:43.902 [main] DEBUG o.s.t.annotation.ProfileValueUtils - Retrieved @ProfileValueSourceConfiguration [null] for test class [wad.controller.CalculatorControllerTest]
02:05:43.906 [main] DEBUG o.s.t.annotation.ProfileValueUtils - Retrieved ProfileValueSource type [class org.springframework.test.annotation.SystemProfileValueSource] for class [wad.controller.CalculatorControllerTest]
02:05:43.919 [main] DEBUG o.s.t.annotation.ProfileValueUtils - Retrieved @ProfileValueSourceConfiguration [null] for test class [wad.controller.CalculatorControllerTest]
02:05:43.922 [main] DEBUG o.s.t.annotation.ProfileValueUtils - Retrieved ProfileValueSource type [class org.springframework.test.annotation.SystemProfileValueSource] for class [wad.controller.CalculatorControllerTest]
02:05:43.953 [main] DEBUG o.s.t.annotation.ProfileValueUtils - Retrieved @ProfileValueSourceConfiguration [null] for test class [wad.controller.CalculatorControllerTest]
02:05:43.955 [main] DEBUG o.s.t.annotation.ProfileValueUtils - Retrieved ProfileValueSource type [class org.springframework.test.annotation.SystemProfileValueSource] for class [wad.controller.CalculatorControllerTest]
02:05:44.588 [main] DEBUG o.s.core.env.StandardEnvironment - Adding [systemProperties] PropertySource with lowest search precedence
02:05:44.600 [main] DEBUG o.s.core.env.StandardEnvironment - Adding [systemEnvironment] PropertySource with lowest search precedence
02:05:44.601 [main] DEBUG o.s.core.env.StandardEnvironment - Initialized StandardEnvironment with PropertySources [systemProperties,systemEnvironment]
02:05:44.613 [main] DEBUG o.s.w.c.s.StandardServletEnvironment - Adding [servletConfigInitParams] PropertySource with lowest search precedence
02:05:44.614 [main] DEBUG o.s.w.c.s.StandardServletEnvironment - Adding [servletContextInitParams] PropertySource with lowest search precedence
02:05:44.624 [main] DEBUG o.s.w.c.s.StandardServletEnvironment - Adding [jndiProperties] PropertySource with lowest search precedence
02:05:44.627 [main] DEBUG o.s.w.c.s.StandardServletEnvironment - Adding [systemProperties] PropertySource with lowest search precedence
02:05:44.628 [main] DEBUG o.s.w.c.s.StandardServletEnvironment - Adding [systemEnvironment] PropertySource with lowest search precedence
02:05:44.629 [main] DEBUG o.s.w.c.s.StandardServletEnvironment - Initialized StandardServletEnvironment with PropertySources [servletConfigInitParams,servletContextInitParams,jndiProperties,systemProperties,systemEnvironment]
02:05:44.634 [main] DEBUG o.s.w.c.s.StandardServletEnvironment - Adding [integrationTest] PropertySource with search precedence immediately lower than [systemEnvironment]

  .   ____          _            __ _ _
 /\\ / ___'_ __ _ _(_)_ __  __ _ \ \ \ \
( ( )\___ | '_ | '_| | '_ \/ _` | \ \ \ \
 \\/  ___)| |_)| | | | | || (_| |  ) ) ) )
  '  |____| .__|_| |_|_| |_\__, | / / / /
 =========|_|==============|___/=/_/_/_/
 :: Spring Boot ::        (v1.1.6.RELEASE)

2014-09-27 02:05:45.996  INFO 18173 --- [           main] o.a.maven.surefire.booter.ForkedBooter   : Starting ForkedBooter v2.15 on ruoste with PID 18173 (/home/jaakko/.m2/repository/org/apache/maven/surefire/surefire-booter/2.15/surefire-booter-2.15.jar started by jaakko in /home/jaakko/NetBeansProjects/2014-wepa-mooc/WK1-W1E04.Laskin)
2014-09-27 02:05:46.186  INFO 18173 --- [           main] o.s.w.c.s.GenericWebApplicationContext   : Refreshing org.springframework.web.context.support.GenericWebApplicationContext@1622f1b: startup date [Sat Sep 27 02:05:46 EEST 2014]; root of context hierarchy
2014-09-27 02:05:48.162  INFO 18173 --- [           main] o.s.b.f.s.DefaultListableBeanFactory     : Overriding bean definition for bean 'beanNameViewResolver': replacing [Root bean: class [null]; scope=; abstract=false; lazyInit=false; autowireMode=3; dependencyCheck=0; autowireCandidate=true; primary=false; factoryBeanName=org.springframework.boot.autoconfigure.web.ErrorMvcAutoConfiguration$WhitelabelErrorViewConfiguration; factoryMethodName=beanNameViewResolver; initMethodName=null; destroyMethodName=(inferred); defined in class path resource [org/springframework/boot/autoconfigure/web/ErrorMvcAutoConfiguration$WhitelabelErrorViewConfiguration.class]] with [Root bean: class [null]; scope=; abstract=false; lazyInit=false; autowireMode=3; dependencyCheck=0; autowireCandidate=true; primary=false; factoryBeanName=org.springframework.boot.autoconfigure.web.WebMvcAutoConfiguration$WebMvcAutoConfigurationAdapter; factoryMethodName=beanNameViewResolver; initMethodName=null; destroyMethodName=(inferred); defined in class path resource [org/springframework/boot/autoconfigure/web/WebMvcAutoConfiguration$WebMvcAutoConfigurationAdapter.class]]
2014-09-27 02:05:52.224  INFO 18173 --- [           main] o.s.w.s.handler.SimpleUrlHandlerMapping  : Mapped URL path [/**/favicon.ico] onto handler of type [class org.springframework.web.servlet.resource.ResourceHttpRequestHandler]
2014-09-27 02:05:52.833  INFO 18173 --- [           main] s.w.s.m.m.a.RequestMappingHandlerMapping : Mapped "{[/error],methods=[],params=[],headers=[],consumes=[],produces=[text/html],custom=[]}" onto public org.springframework.web.servlet.ModelAndView org.springframework.boot.autoconfigure.web.BasicErrorController.errorHtml(javax.servlet.http.HttpServletRequest)
2014-09-27 02:05:52.837  INFO 18173 --- [           main] s.w.s.m.m.a.RequestMappingHandlerMapping : Mapped "{[/error],methods=[],params=[],headers=[],consumes=[],produces=[],custom=[]}" onto public org.springframework.http.ResponseEntity&lt;java.util.Map&lt;java.lang.String, java.lang.Object&gt;&gt; org.springframework.boot.autoconfigure.web.BasicErrorController.error(javax.servlet.http.HttpServletRequest)
2014-09-27 02:05:52.903  INFO 18173 --- [           main] o.s.w.s.handler.SimpleUrlHandlerMapping  : Mapped URL path [/webjars/**] onto handler of type [class org.springframework.web.servlet.resource.ResourceHttpRequestHandler]
2014-09-27 02:05:52.904  INFO 18173 --- [           main] o.s.w.s.handler.SimpleUrlHandlerMapping  : Mapped URL path [/**] onto handler of type [class org.springframework.web.servlet.resource.ResourceHttpRequestHandler]
2014-09-27 02:05:53.328  INFO 18173 --- [           main] o.a.maven.surefire.booter.ForkedBooter   : Started ForkedBooter in 8.652 seconds (JVM running for 12.654)
2014-09-27 02:05:53.381  INFO 18173 --- [           main] o.s.mock.web.MockServletContext          : Initializing Spring FrameworkServlet ''
2014-09-27 02:05:53.382  INFO 18173 --- [           main] o.s.t.web.servlet.TestDispatcherServlet  : FrameworkServlet '': initialization started
2014-09-27 02:05:53.427  INFO 18173 --- [           main] o.s.t.web.servlet.TestDispatcherServlet  : FrameworkServlet '': initialization completed in 44 ms
</system-out>
  </testcase>
  <testcase name="multiply2" classname="wad.controller.CalculatorControllerTest" time="0.029">
    <failure message="Status expected:&lt;200&gt; but was:&lt;404&gt;" type="java.lang.AssertionError"><![CDATA[java.lang.AssertionError: Status expected:<200> but was:<404>
	at org.springframework.test.util.AssertionErrors.fail(AssertionErrors.java:60)
	at org.springframework.test.util.AssertionErrors.assertEquals(AssertionErrors.java:89)
	at org.springframework.test.web.servlet.result.StatusResultMatchers$10.match(StatusResultMatchers.java:626)
	at org.springframework.test.web.servlet.MockMvc$1.andExpect(MockMvc.java:149)
	at wad.controller.CalculatorControllerTest.multiply2(CalculatorControllerTest.java:87)
]]></failure>
    <system-out>2014-09-27 02:05:53.544  INFO 18173 --- [           main] o.s.mock.web.MockServletContext          : Initializing Spring FrameworkServlet ''
2014-09-27 02:05:53.546  INFO 18173 --- [           main] o.s.t.web.servlet.TestDispatcherServlet  : FrameworkServlet '': initialization started
2014-09-27 02:05:53.559  INFO 18173 --- [           main] o.s.t.web.servlet.TestDispatcherServlet  : FrameworkServlet '': initialization completed in 12 ms
</system-out>
  </testcase>
  <testcase name="plusParametrina" classname="wad.controller.CalculatorControllerTest" time="0.027">
    <failure message="Status expected:&lt;200&gt; but was:&lt;404&gt;" type="java.lang.AssertionError"><![CDATA[java.lang.AssertionError: Status expected:<200> but was:<404>
	at org.springframework.test.util.AssertionErrors.fail(AssertionErrors.java:60)
	at org.springframework.test.util.AssertionErrors.assertEquals(AssertionErrors.java:89)
	at org.springframework.test.web.servlet.result.StatusResultMatchers$10.match(StatusResultMatchers.java:626)
	at org.springframework.test.web.servlet.MockMvc$1.andExpect(MockMvc.java:149)
	at wad.controller.CalculatorControllerTest.plusParametrina(CalculatorControllerTest.java:59)
]]></failure>
    <system-out>2014-09-27 02:05:53.577  INFO 18173 --- [           main] o.s.mock.web.MockServletContext          : Initializing Spring FrameworkServlet ''
2014-09-27 02:05:53.581  INFO 18173 --- [           main] o.s.t.web.servlet.TestDispatcherServlet  : FrameworkServlet '': initialization started
2014-09-27 02:05:53.593  INFO 18173 --- [           main] o.s.t.web.servlet.TestDispatcherServlet  : FrameworkServlet '': initialization completed in 8 ms
</system-out>
  </testcase>
  <testcase name="minus" classname="wad.controller.CalculatorControllerTest" time="0.023">
    <failure message="Status expected:&lt;200&gt; but was:&lt;404&gt;" type="java.lang.AssertionError"><![CDATA[java.lang.AssertionError: Status expected:<200> but was:<404>
	at org.springframework.test.util.AssertionErrors.fail(AssertionErrors.java:60)
	at org.springframework.test.util.AssertionErrors.assertEquals(AssertionErrors.java:89)
	at org.springframework.test.web.servlet.result.StatusResultMatchers$10.match(StatusResultMatchers.java:626)
	at org.springframework.test.web.servlet.MockMvc$1.andExpect(MockMvc.java:149)
	at wad.controller.CalculatorControllerTest.minus(CalculatorControllerTest.java:66)
]]></failure>
    <system-out>2014-09-27 02:05:53.607  INFO 18173 --- [           main] o.s.mock.web.MockServletContext          : Initializing Spring FrameworkServlet ''
2014-09-27 02:05:53.609  INFO 18173 --- [           main] o.s.t.web.servlet.TestDispatcherServlet  : FrameworkServlet '': initialization started
2014-09-27 02:05:53.623  INFO 18173 --- [           main] o.s.t.web.servlet.TestDispatcherServlet  : FrameworkServlet '': initialization completed in 11 ms
</system-out>
  </testcase>
  <testcase name="multiply" classname="wad.controller.CalculatorControllerTest" time="0.023">
    <failure message="Status expected:&lt;200&gt; but was:&lt;404&gt;" type="java.lang.AssertionError"><![CDATA[java.lang.AssertionError: Status expected:<200> but was:<404>
	at org.springframework.test.util.AssertionErrors.fail(AssertionErrors.java:60)
	at org.springframework.test.util.AssertionErrors.assertEquals(AssertionErrors.java:89)
	at org.springframework.test.web.servlet.result.StatusResultMatchers$10.match(StatusResultMatchers.java:626)
	at org.springframework.test.web.servlet.MockMvc$1.andExpect(MockMvc.java:149)
	at wad.controller.CalculatorControllerTest.multiply(CalculatorControllerTest.java:80)
]]></failure>
    <system-out>2014-09-27 02:05:53.641  INFO 18173 --- [           main] o.s.mock.web.MockServletContext          : Initializing Spring FrameworkServlet ''
2014-09-27 02:05:53.645  INFO 18173 --- [           main] o.s.t.web.servlet.TestDispatcherServlet  : FrameworkServlet '': initialization started
2014-09-27 02:05:53.658  INFO 18173 --- [           main] o.s.t.web.servlet.TestDispatcherServlet  : FrameworkServlet '': initialization completed in 10 ms
</system-out>
  </testcase>
  <testcase name="palauttaaNollaOletuksena" classname="wad.controller.CalculatorControllerTest" time="0.023">
    <failure message="Status expected:&lt;200&gt; but was:&lt;404&gt;" type="java.lang.AssertionError"><![CDATA[java.lang.AssertionError: Status expected:<200> but was:<404>
	at org.springframework.test.util.AssertionErrors.fail(AssertionErrors.java:60)
	at org.springframework.test.util.AssertionErrors.assertEquals(AssertionErrors.java:89)
	at org.springframework.test.web.servlet.result.StatusResultMatchers$10.match(StatusResultMatchers.java:626)
	at org.springframework.test.web.servlet.MockMvc$1.andExpect(MockMvc.java:149)
	at wad.controller.CalculatorControllerTest.palauttaaNollaOletuksena(CalculatorControllerTest.java:38)
]]></failure>
    <system-out>2014-09-27 02:05:53.667  INFO 18173 --- [           main] o.s.mock.web.MockServletContext          : Initializing Spring FrameworkServlet ''
2014-09-27 02:05:53.671  INFO 18173 --- [           main] o.s.t.web.servlet.TestDispatcherServlet  : FrameworkServlet '': initialization started
2014-09-27 02:05:53.685  INFO 18173 --- [           main] o.s.t.web.servlet.TestDispatcherServlet  : FrameworkServlet '': initialization completed in 13 ms
</system-out>
  </testcase>
  <testcase name="minusNegat" classname="wad.controller.CalculatorControllerTest" time="0.015">
    <failure message="Status expected:&lt;200&gt; but was:&lt;404&gt;" type="java.lang.AssertionError"><![CDATA[java.lang.AssertionError: Status expected:<200> but was:<404>
	at org.springframework.test.util.AssertionErrors.fail(AssertionErrors.java:60)
	at org.springframework.test.util.AssertionErrors.assertEquals(AssertionErrors.java:89)
	at org.springframework.test.web.servlet.result.StatusResultMatchers$10.match(StatusResultMatchers.java:626)
	at org.springframework.test.web.servlet.MockMvc$1.andExpect(MockMvc.java:149)
	at wad.controller.CalculatorControllerTest.minusNegat(CalculatorControllerTest.java:73)
]]></failure>
    <system-out>2014-09-27 02:05:53.692  INFO 18173 --- [           main] o.s.mock.web.MockServletContext          : Initializing Spring FrameworkServlet ''
2014-09-27 02:05:53.696  INFO 18173 --- [           main] o.s.t.web.servlet.TestDispatcherServlet  : FrameworkServlet '': initialization started
2014-09-27 02:05:53.701  INFO 18173 --- [           main] o.s.t.web.servlet.TestDispatcherServlet  : FrameworkServlet '': initialization completed in 3 ms
</system-out>
  </testcase>
  <testcase name="plusOletusLasku2" classname="wad.controller.CalculatorControllerTest" time="0.031">
    <failure message="Status expected:&lt;200&gt; but was:&lt;404&gt;" type="java.lang.AssertionError"><![CDATA[java.lang.AssertionError: Status expected:<200> but was:<404>
	at org.springframework.test.util.AssertionErrors.fail(AssertionErrors.java:60)
	at org.springframework.test.util.AssertionErrors.assertEquals(AssertionErrors.java:89)
	at org.springframework.test.web.servlet.result.StatusResultMatchers$10.match(StatusResultMatchers.java:626)
	at org.springframework.test.web.servlet.MockMvc$1.andExpect(MockMvc.java:149)
	at wad.controller.CalculatorControllerTest.plusOletusLasku2(CalculatorControllerTest.java:52)
]]></failure>
    <system-out>2014-09-27 02:05:53.714  INFO 18173 --- [           main] o.s.mock.web.MockServletContext          : Initializing Spring FrameworkServlet ''
2014-09-27 02:05:53.715  INFO 18173 --- [           main] o.s.t.web.servlet.TestDispatcherServlet  : FrameworkServlet '': initialization started
2014-09-27 02:05:53.727  INFO 18173 --- [           main] o.s.t.web.servlet.TestDispatcherServlet  : FrameworkServlet '': initialization completed in 11 ms
</system-out>
  </testcase>
</testsuite>